<?xml version="1.0" encoding="UTF-8"?>
<!-- Generated by org.testng.reporters.JUnitReportReporter -->
<testsuite hostname="DESKTOP-3FEE0F1" failures="0" tests="1" name="exercise.Module1.ValidateMaxLengthSearchBox" time="3.471" errors="0" timestamp="2021-04-15T17:44:30 IST" skipped="0">
  <testcase classname="exercise.Module1.ValidateMaxLengthSearchBox" name="testValidateMaxLengthSearchBox" time="3.471"/>
  <system-out/>
</testsuite> <!-- exercise.Module1.ValidateMaxLengthSearchBox -->
