<?xml version="1.0" encoding="UTF-8"?>
<!-- Generated by org.testng.reporters.JUnitReportReporter -->
<testsuite hostname="DESKTOP-3FEE0F1" failures="0" tests="1" name="exercise.Module2.SelectManufacturer" time="1.545" errors="0" timestamp="2021-04-15T17:44:30 IST" skipped="0">
  <testcase classname="exercise.Module2.SelectManufacturer" name="testSelectManufacturer" time="1.545"/>
  <system-out/>
</testsuite> <!-- exercise.Module2.SelectManufacturer -->
