<?xml version="1.0" encoding="UTF-8"?>
<!-- Generated by org.testng.reporters.JUnitReportReporter -->
<testsuite hostname="DESKTOP-3FEE0F1" failures="0" tests="5" name="exercise.Module2.SearchProduct" time="19.247" errors="0" timestamp="2021-04-15T17:44:30 IST" skipped="0">
  <testcase classname="exercise.Module2.SearchProduct" name="testSearchProduct" time="4.006"/>
  <system-out/>
  <testcase classname="exercise.Module2.SearchProduct" name="testSearchProduct" time="3.684"/>
  <system-out/>
  <testcase classname="exercise.Module2.SearchProduct" name="testSearchProduct" time="4.001"/>
  <system-out/>
  <testcase classname="exercise.Module2.SearchProduct" name="testSearchProduct" time="3.704"/>
  <system-out/>
  <testcase classname="exercise.Module2.SearchProduct" name="testSearchProduct" time="3.852"/>
  <system-out/>
</testsuite> <!-- exercise.Module2.SearchProduct -->
